TN:
SF:src\conflict-resolver.ts
FN:17,detectConflictsBetweenRules
FN:74,resolveConflict
FN:131,applyPrecedenceMatrix
FN:162,resolveAllConflicts
FN:174,(anonymous_4)
FN:222,(anonymous_5)
FN:233,validateConflictResolution
FNF:7
FNH:0
FNDA:0,detectConflictsBetweenRules
FNDA:0,resolveConflict
FNDA:0,applyPrecedenceMatrix
FNDA:0,resolveAllConflicts
FNDA:0,(anonymous_4)
FNDA:0,(anonymous_5)
FNDA:0,validateConflictResolution
DA:17,0
DA:18,0
DA:20,0
DA:21,0
DA:22,0
DA:23,0
DA:26,0
DA:27,0
DA:28,0
DA:36,0
DA:37,0
DA:38,0
DA:46,0
DA:47,0
DA:48,0
DA:56,0
DA:57,0
DA:58,0
DA:67,0
DA:74,0
DA:80,0
DA:81,0
DA:83,0
DA:84,0
DA:89,0
DA:91,0
DA:95,0
DA:97,0
DA:98,0
DA:100,0
DA:101,0
DA:103,0
DA:104,0
DA:109,0
DA:111,0
DA:112,0
DA:114,0
DA:115,0
DA:117,0
DA:118,0
DA:123,0
DA:131,0
DA:132,0
DA:136,0
DA:137,0
DA:138,0
DA:141,0
DA:144,0
DA:145,0
DA:150,0
DA:151,0
DA:152,0
DA:156,0
DA:162,0
DA:169,0
DA:170,0
DA:171,0
DA:173,0
DA:174,0
DA:177,0
DA:179,0
DA:180,0
DA:181,0
DA:182,0
DA:183,0
DA:184,0
DA:186,0
DA:188,0
DA:193,0
DA:194,0
DA:197,0
DA:198,0
DA:204,0
DA:206,0
DA:211,0
DA:212,0
DA:217,0
DA:222,0
DA:224,0
DA:233,0
DA:237,0
DA:239,0
DA:240,0
DA:241,0
DA:245,0
LF:85
LH:0
BRDA:26,0,0,0
BRDA:36,1,0,0
BRDA:46,2,0,0
BRDA:56,3,0,0
BRDA:80,4,0,0
BRDA:83,5,0,0
BRDA:89,6,0,0
BRDA:91,7,0,0
BRDA:91,7,1,0
BRDA:95,8,0,0
BRDA:95,9,0,0
BRDA:95,9,1,0
BRDA:95,9,2,0
BRDA:100,10,0,0
BRDA:100,11,0,0
BRDA:100,11,1,0
BRDA:103,12,0,0
BRDA:103,13,0,0
BRDA:103,13,1,0
BRDA:109,14,0,0
BRDA:111,15,0,0
BRDA:111,15,1,0
BRDA:112,16,0,0
BRDA:112,16,1,0
BRDA:114,17,0,0
BRDA:114,18,0,0
BRDA:114,18,1,0
BRDA:117,19,0,0
BRDA:117,20,0,0
BRDA:117,20,1,0
BRDA:123,21,0,0
BRDA:123,21,1,0
BRDA:132,22,0,0
BRDA:132,22,1,0
BRDA:136,23,0,0
BRDA:136,23,1,0
BRDA:137,24,0,0
BRDA:137,24,1,0
BRDA:138,25,0,0
BRDA:138,25,1,0
BRDA:144,26,0,0
BRDA:144,27,0,0
BRDA:144,27,1,0
BRDA:144,27,2,0
BRDA:144,27,3,0
BRDA:150,28,0,0
BRDA:150,28,1,0
BRDA:150,28,2,0
BRDA:151,29,0,0
BRDA:151,30,0,0
BRDA:151,30,1,0
BRDA:181,31,0,0
BRDA:181,32,0,0
BRDA:181,32,1,0
BRDA:183,33,0,0
BRDA:183,33,1,0
BRDA:186,34,0,0
BRDA:186,34,1,0
BRDA:211,35,0,0
BRDA:240,36,0,0
BRDA:240,37,0,0
BRDA:240,37,1,0
BRF:62
BRH:0
end_of_record
TN:
SF:src\recommendation-engine.ts
FN:30,loadAllRules
FN:39,(anonymous_2)
FN:57,filterRulesByContext
FN:58,(anonymous_4)
FN:68,(anonymous_5)
FN:83,scoreRules
FN:84,(anonymous_7)
FN:93,shouldSuggestPhasing
FN:105,getThreatScore
FN:116,getSizeScore
FN:123,getResourceScore
FN:136,determinePhasedRecommendations
FN:157,(anonymous_13)
FN:201,renderRecommendation
FN:219,(anonymous_15)
FN:220,(anonymous_16)
FN:228,(anonymous_17)
FN:235,generateRecommendations
FN:291,(anonymous_19)
FNF:19
FNH:0
FNDA:0,loadAllRules
FNDA:0,(anonymous_2)
FNDA:0,filterRulesByContext
FNDA:0,(anonymous_4)
FNDA:0,(anonymous_5)
FNDA:0,scoreRules
FNDA:0,(anonymous_7)
FNDA:0,shouldSuggestPhasing
FNDA:0,getThreatScore
FNDA:0,getSizeScore
FNDA:0,getResourceScore
FNDA:0,determinePhasedRecommendations
FNDA:0,(anonymous_13)
FNDA:0,renderRecommendation
FNDA:0,(anonymous_15)
FNDA:0,(anonymous_16)
FNDA:0,(anonymous_17)
FNDA:0,generateRecommendations
FNDA:0,(anonymous_19)
DA:6,0
DA:7,0
DA:19,0
DA:23,0
DA:30,0
DA:31,0
DA:32,0
DA:34,0
DA:35,0
DA:39,0
DA:41,0
DA:42,0
DA:43,0
DA:44,0
DA:47,0
DA:48,0
DA:51,0
DA:57,0
DA:58,0
DA:59,0
DA:62,0
DA:63,0
DA:64,0
DA:67,0
DA:68,0
DA:69,0
DA:72,0
DA:76,0
DA:83,0
DA:84,0
DA:93,0
DA:96,0
DA:97,0
DA:98,0
DA:100,0
DA:102,0
DA:106,0
DA:113,0
DA:117,0
DA:118,0
DA:119,0
DA:120,0
DA:124,0
DA:130,0
DA:136,0
DA:140,0
DA:142,0
DA:157,0
DA:158,0
DA:160,0
DA:201,0
DA:206,0
DA:219,0
DA:221,0
DA:222,0
DA:228,0
DA:235,0
DA:242,0
DA:245,0
DA:248,0
DA:251,0
DA:254,0
DA:255,0
DA:256,0
DA:260,0
DA:261,0
DA:264,0
DA:266,0
DA:267,0
DA:268,0
DA:272,0
DA:273,0
DA:277,0
DA:278,0
DA:279,0
DA:280,0
DA:285,0
DA:291,0
LF:78
LH:0
BRDA:34,0,0,0
BRDA:39,1,0,0
BRDA:39,1,1,0
BRDA:47,2,0,0
BRDA:47,2,1,0
BRDA:64,3,0,0
BRDA:64,3,1,0
BRDA:67,4,0,0
BRDA:67,4,1,0
BRDA:69,5,0,0
BRDA:72,6,0,0
BRDA:98,7,0,0
BRDA:98,7,1,0
BRDA:113,8,0,0
BRDA:113,8,1,0
BRDA:117,9,0,0
BRDA:118,10,0,0
BRDA:119,11,0,0
BRDA:130,12,0,0
BRDA:130,12,1,0
BRDA:140,13,0,0
BRDA:211,14,0,0
BRDA:211,14,1,0
BRDA:219,15,0,0
BRDA:219,15,1,0
BRDA:225,16,0,0
BRDA:225,16,1,0
BRDA:228,17,0,0
BRDA:228,17,1,0
BRDA:255,18,0,0
BRDA:266,19,0,0
BRDA:279,20,0,0
BRDA:297,21,0,0
BRDA:297,21,1,0
BRF:34
BRH:0
end_of_record
TN:
SF:src\functions\conflict-resolution.ts
FN:10,twoRulesConflict
FN:22,detectConflictsBetweenRules
FN:59,resolveConflict
FN:107,resolveAllConflicts
FN:114,(anonymous_4)
FN:127,(anonymous_5)
FN:128,(anonymous_6)
FN:156,(anonymous_7)
FN:164,validateConflictResolution
FNF:9
FNH:0
FNDA:0,twoRulesConflict
FNDA:0,detectConflictsBetweenRules
FNDA:0,resolveConflict
FNDA:0,resolveAllConflicts
FNDA:0,(anonymous_4)
FNDA:0,(anonymous_5)
FNDA:0,(anonymous_6)
FNDA:0,(anonymous_7)
FNDA:0,validateConflictResolution
DA:12,0
DA:13,0
DA:14,0
DA:15,0
DA:16,0
DA:22,2
DA:23,0
DA:25,0
DA:26,0
DA:27,0
DA:28,0
DA:30,0
DA:31,0
DA:34,0
DA:35,0
DA:36,0
DA:37,0
DA:38,0
DA:39,0
DA:41,0
DA:43,0
DA:52,0
DA:59,2
DA:61,0
DA:62,0
DA:65,0
DA:66,0
DA:70,0
DA:71,0
DA:75,0
DA:76,0
DA:77,0
DA:79,0
DA:80,0
DA:84,0
DA:87,0
DA:88,0
DA:89,0
DA:91,0
DA:92,0
DA:96,0
DA:97,0
DA:101,0
DA:107,2
DA:114,0
DA:122,0
DA:123,0
DA:126,0
DA:127,0
DA:128,0
DA:130,0
DA:132,0
DA:133,0
DA:136,0
DA:139,0
DA:141,0
DA:142,0
DA:143,0
DA:144,0
DA:145,0
DA:147,0
DA:148,0
DA:149,0
DA:150,0
DA:155,0
DA:156,0
DA:164,2
DA:165,0
DA:168,0
DA:169,0
DA:170,0
DA:174,0
LF:72
LH:4
BRDA:12,0,0,0
BRDA:13,1,0,0
BRDA:14,2,0,0
BRDA:15,3,0,0
BRDA:30,4,0,0
BRDA:34,5,0,0
BRDA:34,5,1,0
BRDA:36,6,0,0
BRDA:36,6,1,0
BRDA:38,7,0,0
BRDA:38,7,1,0
BRDA:61,8,0,0
BRDA:62,9,0,0
BRDA:65,10,0,0
BRDA:66,11,0,0
BRDA:66,11,1,0
BRDA:70,12,0,0
BRDA:71,13,0,0
BRDA:71,13,1,0
BRDA:75,14,0,0
BRDA:75,15,0,0
BRDA:75,15,1,0
BRDA:75,15,2,0
BRDA:79,16,0,0
BRDA:79,17,0,0
BRDA:79,17,1,0
BRDA:80,18,0,0
BRDA:80,19,0,0
BRDA:80,19,1,0
BRDA:84,20,0,0
BRDA:91,21,0,0
BRDA:91,22,0,0
BRDA:91,22,1,0
BRDA:92,23,0,0
BRDA:92,24,0,0
BRDA:92,24,1,0
BRDA:96,25,0,0
BRDA:97,26,0,0
BRDA:97,26,1,0
BRDA:101,27,0,0
BRDA:101,27,1,0
BRDA:130,28,0,0
BRDA:130,29,0,0
BRDA:130,29,1,0
BRDA:136,30,0,0
BRDA:136,31,0,0
BRDA:136,31,1,0
BRDA:141,32,0,0
BRDA:141,32,1,0
BRDA:169,33,0,0
BRDA:169,34,0,0
BRDA:169,34,1,0
BRF:52
BRH:0
end_of_record
TN:
SF:src\functions\context-mapping.ts
FN:23,mapTierAnswersToContext
FN:116,(anonymous_1)
FN:117,(anonymous_2)
FNF:3
FNH:0
FNDA:0,mapTierAnswersToContext
FNDA:0,(anonymous_1)
FNDA:0,(anonymous_2)
DA:23,2
DA:30,0
DA:33,0
DA:34,0
DA:35,0
DA:36,0
DA:37,0
DA:44,0
DA:45,0
DA:46,0
DA:48,0
DA:49,0
DA:51,0
DA:52,0
DA:53,0
DA:54,0
DA:55,0
DA:56,0
DA:58,0
DA:61,0
DA:65,0
DA:66,0
DA:67,0
DA:69,0
DA:70,0
DA:71,0
DA:72,0
DA:73,0
DA:74,0
DA:76,0
DA:79,0
DA:83,0
DA:84,0
DA:85,0
DA:86,0
DA:87,0
DA:88,0
DA:89,0
DA:91,0
DA:93,0
DA:95,0
DA:97,0
DA:101,0
DA:102,0
DA:103,0
DA:104,0
DA:106,0
DA:108,0
DA:109,0
DA:110,0
DA:111,0
DA:113,0
DA:115,0
DA:116,0
DA:117,0
DA:118,0
DA:119,0
DA:121,0
DA:123,0
DA:124,0
DA:125,0
DA:126,0
DA:128,0
DA:131,0
DA:135,0
DA:137,0
DA:145,0
DA:146,0
DA:147,0
DA:148,0
DA:149,0
DA:150,0
DA:151,0
DA:157,0
DA:158,0
DA:159,0
DA:160,0
DA:161,0
DA:162,0
DA:163,0
DA:173,0
DA:174,0
DA:175,0
DA:176,0
DA:177,0
DA:178,0
DA:183,0
DA:184,0
DA:185,0
DA:186,0
DA:187,0
DA:188,0
DA:193,0
DA:194,0
DA:195,0
DA:196,0
DA:197,0
DA:198,0
DA:203,0
DA:204,0
DA:205,0
DA:206,0
DA:215,0
LF:103
LH:1
BRDA:24,0,0,0
BRDA:25,1,0,0
BRDA:26,2,0,0
BRDA:27,3,0,0
BRDA:28,4,0,0
BRDA:33,5,0,0
BRDA:33,5,1,0
BRDA:34,6,0,0
BRDA:34,6,1,0
BRDA:35,7,0,0
BRDA:35,7,1,0
BRDA:36,8,0,0
BRDA:36,8,1,0
BRDA:37,9,0,0
BRDA:37,9,1,0
BRDA:44,10,0,0
BRDA:44,10,1,0
BRDA:46,11,0,0
BRDA:46,11,1,0
BRDA:46,12,0,0
BRDA:46,12,1,0
BRDA:46,12,2,0
BRDA:49,13,0,0
BRDA:49,13,1,0
BRDA:52,14,0,0
BRDA:52,14,1,0
BRDA:55,15,0,0
BRDA:55,15,1,0
BRDA:65,16,0,0
BRDA:65,16,1,0
BRDA:67,17,0,0
BRDA:67,17,1,0
BRDA:70,18,0,0
BRDA:70,18,1,0
BRDA:73,19,0,0
BRDA:73,19,1,0
BRDA:83,20,0,0
BRDA:83,20,1,0
BRDA:85,21,0,0
BRDA:85,21,1,0
BRDA:88,22,0,0
BRDA:88,22,1,0
BRDA:93,23,0,0
BRDA:93,23,1,0
BRDA:101,24,0,0
BRDA:101,24,1,0
BRDA:103,25,0,0
BRDA:103,25,1,0
BRDA:108,26,0,0
BRDA:108,26,1,0
BRDA:113,27,0,0
BRDA:113,27,1,0
BRDA:118,28,0,0
BRDA:121,29,0,0
BRDA:121,29,1,0
BRDA:123,30,0,0
BRDA:123,30,1,0
BRDA:123,31,0,0
BRDA:123,31,1,0
BRDA:125,32,0,0
BRDA:125,32,1,0
BRDA:145,33,0,0
BRDA:145,33,1,0
BRDA:147,34,0,0
BRDA:148,35,0,0
BRDA:150,36,0,0
BRDA:157,37,0,0
BRDA:157,37,1,0
BRDA:159,38,0,0
BRDA:160,39,0,0
BRDA:162,40,0,0
BRDA:173,41,0,0
BRDA:173,41,1,0
BRDA:175,42,0,0
BRDA:177,43,0,0
BRDA:183,44,0,0
BRDA:183,44,1,0
BRDA:185,45,0,0
BRDA:187,46,0,0
BRDA:193,47,0,0
BRDA:193,47,1,0
BRDA:195,48,0,0
BRDA:197,49,0,0
BRDA:203,50,0,0
BRDA:203,50,1,0
BRDA:205,51,0,0
BRF:86
BRH:0
end_of_record
TN:
SF:src\functions\expert-flags.ts
FN:25,parseAndValidateFlags
FN:56,applyFlagOverrides
FNF:2
FNH:0
FNDA:0,parseAndValidateFlags
FNDA:0,applyFlagOverrides
DA:8,2
DA:20,2
DA:25,2
DA:26,0
DA:27,0
DA:29,0
DA:30,0
DA:31,0
DA:32,0
DA:33,0
DA:35,0
DA:37,0
DA:38,0
DA:39,0
DA:40,0
DA:42,0
DA:45,0
DA:49,0
DA:56,2
DA:57,0
DA:59,0
DA:61,0
DA:63,0
DA:64,0
DA:66,0
DA:67,0
DA:71,0
DA:72,0
DA:75,0
DA:76,0
DA:78,0
DA:79,0
DA:80,0
DA:83,0
DA:86,0
DA:87,0
DA:89,0
DA:93,0
DA:94,0
DA:95,0
DA:97,0
DA:102,0
DA:104,0
DA:105,0
DA:108,0
DA:109,0
DA:110,0
DA:113,0
DA:117,0
LF:49
LH:4
BRDA:30,0,0,0
BRDA:30,0,1,0
BRDA:32,1,0,0
BRDA:32,1,1,0
BRDA:37,2,0,0
BRDA:37,2,1,0
BRDA:39,3,0,0
BRDA:39,3,1,0
BRDA:39,4,0,0
BRDA:39,4,1,0
BRDA:39,4,2,0
BRDA:56,5,0,0
BRDA:57,6,0,0
BRDA:66,7,0,0
BRDA:66,8,0,0
BRDA:66,8,1,0
BRDA:71,9,0,0
BRDA:75,10,0,0
BRDA:75,10,1,0
BRDA:76,11,0,0
BRDA:76,11,1,0
BRDA:79,12,0,0
BRDA:86,13,0,0
BRDA:94,14,0,0
BRDA:102,15,0,0
BRDA:104,16,0,0
BRDA:104,17,0,0
BRDA:104,17,1,0
BRDA:104,17,2,0
BRDA:104,17,3,0
BRDA:109,18,0,0
BRDA:109,19,0,0
BRDA:109,19,1,0
BRDA:109,19,2,0
BRF:34
BRH:0
end_of_record
TN:
SF:src\functions\index.ts
FNF:0
FNH:0
DA:6,1
DA:7,1
DA:8,1
DA:9,1
DA:10,1
DA:11,1
LF:6
LH:6
BRF:0
BRH:0
end_of_record
TN:
SF:src\functions\phasing-logic.ts
FN:11,getThreatScore
FN:40,getSizeScore
FN:64,getResourceScore
FN:93,shouldSuggestPhasing
FN:131,determinePhasedRecommendations
FN:137,(anonymous_5)
FN:148,(anonymous_6)
FN:162,(anonymous_7)
FN:178,(anonymous_8)
FNF:9
FNH:0
FNDA:0,getThreatScore
FNDA:0,getSizeScore
FNDA:0,getResourceScore
FNDA:0,shouldSuggestPhasing
FNDA:0,determinePhasedRecommendations
FNDA:0,(anonymous_5)
FNDA:0,(anonymous_6)
FNDA:0,(anonymous_7)
FNDA:0,(anonymous_8)
DA:11,2
DA:14,0
DA:16,0
DA:17,0
DA:19,0
DA:22,0
DA:25,0
DA:32,0
DA:40,2
DA:43,0
DA:45,0
DA:48,0
DA:51,0
DA:54,0
DA:55,0
DA:56,0
DA:57,0
DA:64,2
DA:67,0
DA:69,0
DA:70,0
DA:72,0
DA:75,0
DA:78,0
DA:86,0
DA:93,2
DA:95,0
DA:97,0
DA:98,0
DA:99,0
DA:101,0
DA:102,0
DA:131,2
DA:135,0
DA:137,0
DA:138,0
DA:148,0
DA:152,0
DA:162,0
DA:165,0
DA:168,0
DA:178,0
DA:181,0
LF:43
LH:5
BRDA:14,0,0,0
BRDA:14,0,1,0
BRDA:17,1,0,0
BRDA:17,1,1,0
BRDA:17,2,0,0
BRDA:17,2,1,0
BRDA:19,3,0,0
BRDA:19,3,1,0
BRDA:32,4,0,0
BRDA:32,4,1,0
BRDA:43,5,0,0
BRDA:43,5,1,0
BRDA:51,6,0,0
BRDA:54,7,0,0
BRDA:55,8,0,0
BRDA:56,9,0,0
BRDA:67,10,0,0
BRDA:67,10,1,0
BRDA:70,11,0,0
BRDA:70,11,1,0
BRDA:70,12,0,0
BRDA:70,12,1,0
BRDA:72,13,0,0
BRDA:72,13,1,0
BRDA:86,14,0,0
BRDA:86,14,1,0
BRDA:95,15,0,0
BRDA:95,15,1,0
BRDA:135,16,0,0
BRDA:135,16,1,0
BRF:30
BRH:0
end_of_record
TN:
SF:src\functions\precedence-scoring.ts
FN:10,applyPrecedenceMatrix
FN:41,scoreRules
FN:42,(anonymous_2)
FNF:3
FNH:0
FNDA:0,applyPrecedenceMatrix
FNDA:0,scoreRules
FNDA:0,(anonymous_2)
DA:10,2
DA:11,0
DA:15,0
DA:16,0
DA:17,0
DA:20,0
DA:23,0
DA:24,0
DA:29,0
DA:30,0
DA:31,0
DA:35,0
DA:41,2
DA:42,0
LF:14
LH:2
BRDA:11,0,0,0
BRDA:11,0,1,0
BRDA:15,1,0,0
BRDA:15,1,1,0
BRDA:16,2,0,0
BRDA:16,2,1,0
BRDA:17,3,0,0
BRDA:17,3,1,0
BRDA:23,4,0,0
BRDA:23,5,0,0
BRDA:23,5,1,0
BRDA:23,5,2,0
BRDA:23,5,3,0
BRDA:29,6,0,0
BRDA:29,6,1,0
BRDA:29,6,2,0
BRDA:30,7,0,0
BRDA:30,8,0,0
BRDA:30,8,1,0
BRF:19
BRH:0
end_of_record
TN:
SF:src\functions\rule-filtering.ts
FN:11,filterRulesByContext
FN:12,(anonymous_1)
FN:20,(anonymous_2)
FN:25,(anonymous_3)
FNF:4
FNH:0
FNDA:0,filterRulesByContext
FNDA:0,(anonymous_1)
FNDA:0,(anonymous_2)
FNDA:0,(anonymous_3)
DA:11,2
DA:12,0
DA:14,0
DA:16,0
DA:17,0
DA:20,0
DA:21,0
DA:22,0
DA:24,0
DA:25,0
DA:27,0
DA:30,0
DA:31,0
DA:33,0
LF:14
LH:1
BRDA:14,0,0,0
BRDA:14,1,0,0
BRDA:14,1,1,0
BRDA:17,2,0,0
BRDA:22,3,0,0
BRDA:24,4,0,0
BRDA:30,5,0,0
BRF:7
BRH:0
end_of_record
