TN:
SF:src\conflict-resolver.ts
FN:17,detectConflictsBetweenRules
FN:74,resolveConflict
FN:131,applyPrecedenceMatrix
FN:159,resolveAllConflicts
FN:171,(anonymous_4)
FN:219,(anonymous_5)
FN:230,validateConflictResolution
FNF:7
FNH:5
FNDA:14,detectConflictsBetweenRules
FNDA:0,resolveConflict
FNDA:56,applyPrecedenceMatrix
FNDA:14,resolveAllConflicts
FNDA:40,(anonymous_4)
FNDA:40,(anonymous_5)
FNDA:0,validateConflictResolution
DA:17,5
DA:18,14
DA:20,14
DA:21,40
DA:22,50
DA:23,50
DA:26,50
DA:27,0
DA:28,0
DA:36,50
DA:37,0
DA:38,0
DA:46,50
DA:47,0
DA:48,0
DA:56,50
DA:57,0
DA:58,0
DA:67,14
DA:74,5
DA:80,0
DA:81,0
DA:83,0
DA:84,0
DA:89,0
DA:91,0
DA:95,0
DA:97,0
DA:98,0
DA:100,0
DA:101,0
DA:103,0
DA:104,0
DA:109,0
DA:111,0
DA:112,0
DA:114,0
DA:115,0
DA:117,0
DA:118,0
DA:123,0
DA:131,5
DA:132,56
DA:135,56
DA:136,56
DA:137,56
DA:140,56
DA:143,56
DA:144,17
DA:148,56
DA:149,4
DA:153,56
DA:159,5
DA:166,14
DA:167,14
DA:168,14
DA:170,14
DA:171,40
DA:174,14
DA:176,40
DA:177,40
DA:178,0
DA:179,0
DA:180,0
DA:181,0
DA:183,0
DA:185,0
DA:190,0
DA:191,0
DA:194,0
DA:195,0
DA:201,0
DA:203,0
DA:208,40
DA:209,40
DA:214,40
DA:219,40
DA:221,14
DA:230,5
DA:234,0
DA:236,0
DA:237,0
DA:238,0
DA:242,0
LF:84
LH:38
BRDA:26,0,0,0
BRDA:36,1,0,0
BRDA:46,2,0,0
BRDA:56,3,0,0
BRDA:80,4,0,0
BRDA:83,5,0,0
BRDA:89,6,0,0
BRDA:91,7,0,0
BRDA:91,7,1,0
BRDA:95,8,0,0
BRDA:95,9,0,0
BRDA:95,9,1,0
BRDA:95,9,2,0
BRDA:100,10,0,0
BRDA:100,11,0,0
BRDA:100,11,1,0
BRDA:103,12,0,0
BRDA:103,13,0,0
BRDA:103,13,1,0
BRDA:109,14,0,0
BRDA:111,15,0,0
BRDA:111,15,1,0
BRDA:112,16,0,0
BRDA:112,16,1,0
BRDA:114,17,0,0
BRDA:114,18,0,0
BRDA:114,18,1,0
BRDA:117,19,0,0
BRDA:117,20,0,0
BRDA:117,20,1,0
BRDA:123,21,0,0
BRDA:123,21,1,0
BRDA:132,22,0,56
BRDA:132,22,1,0
BRDA:135,23,0,56
BRDA:135,23,1,0
BRDA:136,24,0,56
BRDA:136,24,1,0
BRDA:137,25,0,56
BRDA:137,25,1,0
BRDA:143,26,0,17
BRDA:143,27,0,56
BRDA:143,27,1,56
BRDA:143,27,2,56
BRDA:143,27,3,37
BRDA:148,28,0,4
BRDA:148,29,0,56
BRDA:148,29,1,9
BRDA:148,29,2,5
BRDA:178,30,0,0
BRDA:178,31,0,0
BRDA:178,31,1,0
BRDA:180,32,0,0
BRDA:180,32,1,0
BRDA:183,33,0,0
BRDA:183,33,1,0
BRDA:208,34,0,40
BRDA:237,35,0,0
BRDA:237,36,0,0
BRDA:237,36,1,0
BRF:60
BRH:14
end_of_record
TN:
SF:src\recommendation-engine.ts
FN:30,loadAllRules
FN:39,(anonymous_2)
FN:57,filterRulesByContext
FN:58,(anonymous_4)
FN:68,(anonymous_5)
FN:83,scoreRules
FN:84,(anonymous_7)
FN:93,shouldSuggestPhasing
FN:105,getThreatScore
FN:116,getSizeScore
FN:123,getResourceScore
FN:136,determinePhasedRecommendations
FN:157,(anonymous_13)
FN:201,renderRecommendation
FN:219,(anonymous_15)
FN:220,(anonymous_16)
FN:228,(anonymous_17)
FN:235,generateRecommendations
FN:291,(anonymous_19)
FNF:19
FNH:9
FNDA:0,loadAllRules
FNDA:0,(anonymous_2)
FNDA:68,filterRulesByContext
FNDA:638,(anonymous_4)
FNDA:127,(anonymous_5)
FNDA:21,scoreRules
FNDA:56,(anonymous_7)
FNDA:6,shouldSuggestPhasing
FNDA:6,getThreatScore
FNDA:6,getSizeScore
FNDA:6,getResourceScore
FNDA:0,determinePhasedRecommendations
FNDA:0,(anonymous_13)
FNDA:0,renderRecommendation
FNDA:0,(anonymous_15)
FNDA:0,(anonymous_16)
FNDA:0,(anonymous_17)
FNDA:0,generateRecommendations
FNDA:0,(anonymous_19)
DA:6,5
DA:7,5
DA:19,5
DA:23,5
DA:30,5
DA:31,0
DA:32,0
DA:34,0
DA:35,0
DA:39,0
DA:41,0
DA:42,0
DA:43,0
DA:44,0
DA:47,0
DA:48,0
DA:51,0
DA:57,5
DA:58,68
DA:59,638
DA:62,638
DA:63,683
DA:64,683
DA:67,683
DA:68,127
DA:69,127
DA:72,556
DA:76,142
DA:83,5
DA:84,56
DA:93,5
DA:96,6
DA:97,6
DA:98,6
DA:100,6
DA:102,6
DA:106,6
DA:113,6
DA:117,6
DA:118,6
DA:119,3
DA:120,2
DA:124,6
DA:130,6
DA:136,5
DA:140,0
DA:142,0
DA:157,0
DA:158,0
DA:160,0
DA:201,5
DA:206,0
DA:219,0
DA:221,0
DA:222,0
DA:228,0
DA:235,5
DA:242,0
DA:245,0
DA:248,0
DA:251,0
DA:254,0
DA:255,0
DA:256,0
DA:260,0
DA:261,0
DA:264,0
DA:266,0
DA:267,0
DA:268,0
DA:272,0
DA:273,0
DA:277,0
DA:278,0
DA:279,0
DA:280,0
DA:285,0
DA:291,0
LF:78
LH:35
BRDA:34,0,0,0
BRDA:39,1,0,0
BRDA:39,1,1,0
BRDA:47,2,0,0
BRDA:47,2,1,0
BRDA:64,3,0,13
BRDA:64,3,1,670
BRDA:67,4,0,127
BRDA:67,4,1,556
BRDA:69,5,0,92
BRDA:72,6,0,404
BRDA:98,7,0,6
BRDA:98,7,1,6
BRDA:113,8,0,6
BRDA:113,8,1,0
BRDA:117,9,0,0
BRDA:118,10,0,3
BRDA:119,11,0,1
BRDA:130,12,0,6
BRDA:130,12,1,0
BRDA:140,13,0,0
BRDA:211,14,0,0
BRDA:211,14,1,0
BRDA:219,15,0,0
BRDA:219,15,1,0
BRDA:225,16,0,0
BRDA:225,16,1,0
BRDA:228,17,0,0
BRDA:228,17,1,0
BRDA:255,18,0,0
BRDA:266,19,0,0
BRDA:279,20,0,0
BRDA:297,21,0,0
BRDA:297,21,1,0
BRF:34
BRH:12
end_of_record
TN:
SF:src\functions\conflict-resolution.ts
FN:10,twoRulesConflict
FN:22,detectConflictsBetweenRules
FN:59,resolveConflict
FN:104,resolveAllConflicts
FN:111,(anonymous_4)
FN:124,(anonymous_5)
FN:125,(anonymous_6)
FN:153,(anonymous_7)
FN:161,validateConflictResolution
FN:165,(anonymous_9)
FN:167,(anonymous_10)
FNF:11
FNH:11
FNDA:38,twoRulesConflict
FNDA:22,detectConflictsBetweenRules
FNDA:32,resolveConflict
FNDA:13,resolveAllConflicts
FNDA:26,(anonymous_4)
FNDA:14,(anonymous_5)
FNDA:26,(anonymous_6)
FNDA:26,(anonymous_7)
FNDA:7,validateConflictResolution
FNDA:10,(anonymous_9)
FNDA:4,(anonymous_10)
DA:12,38
DA:13,25
DA:14,15
DA:15,15
DA:16,15
DA:22,7
DA:23,22
DA:25,22
DA:26,48
DA:27,38
DA:28,38
DA:30,38
DA:31,23
DA:34,23
DA:35,6
DA:36,17
DA:37,3
DA:38,14
DA:39,11
DA:41,3
DA:43,23
DA:52,22
DA:59,7
DA:61,32
DA:62,24
DA:65,20
DA:66,1
DA:70,19
DA:71,1
DA:75,18
DA:76,3
DA:77,3
DA:79,3
DA:80,0
DA:84,15
DA:85,2
DA:86,2
DA:88,2
DA:89,1
DA:93,14
DA:94,13
DA:98,1
DA:104,7
DA:111,26
DA:119,13
DA:120,13
DA:123,13
DA:124,14
DA:125,26
DA:127,12
DA:129,12
DA:130,12
DA:133,12
DA:136,12
DA:138,12
DA:139,7
DA:140,7
DA:141,7
DA:142,7
DA:144,5
DA:145,5
DA:146,5
DA:147,5
DA:152,13
DA:153,26
DA:161,7
DA:162,7
DA:165,10
DA:166,7
DA:167,4
DA:170,7
LF:71
LH:70
BRDA:12,0,0,13
BRDA:13,1,0,10
BRDA:14,2,0,0
BRDA:15,3,0,0
BRDA:30,4,0,23
BRDA:34,5,0,6
BRDA:34,5,1,17
BRDA:36,6,0,3
BRDA:36,6,1,14
BRDA:38,7,0,11
BRDA:38,7,1,3
BRDA:61,8,0,8
BRDA:62,9,0,4
BRDA:65,10,0,1
BRDA:66,11,0,0
BRDA:66,11,1,1
BRDA:70,12,0,1
BRDA:71,13,0,1
BRDA:71,13,1,0
BRDA:75,14,0,3
BRDA:75,15,0,18
BRDA:75,15,1,4
BRDA:75,15,2,4
BRDA:79,16,0,3
BRDA:79,17,0,3
BRDA:79,17,1,3
BRDA:80,18,0,0
BRDA:80,19,0,0
BRDA:80,19,1,0
BRDA:84,20,0,2
BRDA:85,21,0,2
BRDA:85,21,1,2
BRDA:85,21,2,2
BRDA:86,22,0,2
BRDA:86,22,1,2
BRDA:86,22,2,2
BRDA:88,23,0,1
BRDA:88,24,0,2
BRDA:88,24,1,1
BRDA:89,25,0,0
BRDA:89,26,0,1
BRDA:89,26,1,0
BRDA:93,27,0,13
BRDA:94,28,0,2
BRDA:94,28,1,11
BRDA:98,29,0,1
BRDA:98,29,1,0
BRDA:127,30,0,0
BRDA:127,31,0,12
BRDA:127,31,1,12
BRDA:133,32,0,0
BRDA:133,33,0,12
BRDA:133,33,1,12
BRDA:138,34,0,7
BRDA:138,34,1,5
BRDA:165,35,0,10
BRDA:165,35,1,8
BRDA:166,36,0,3
BRF:58
BRH:46
end_of_record
TN:
SF:src\functions\context-mapping.ts
FN:23,mapTierAnswersToContext
FN:116,(anonymous_1)
FN:117,(anonymous_2)
FNF:3
FNH:3
FNDA:136,mapTierAnswersToContext
FNDA:23,(anonymous_1)
FNDA:23,(anonymous_2)
DA:23,2
DA:30,136
DA:33,136
DA:34,136
DA:35,136
DA:36,136
DA:37,136
DA:44,136
DA:45,1
DA:46,135
DA:48,2
DA:49,133
DA:51,3
DA:52,130
DA:53,54
DA:54,54
DA:55,54
DA:56,51
DA:58,3
DA:61,76
DA:65,136
DA:66,1
DA:67,135
DA:69,1
DA:70,134
DA:71,52
DA:72,52
DA:73,52
DA:74,50
DA:76,2
DA:79,82
DA:83,136
DA:84,1
DA:85,135
DA:87,2
DA:88,133
DA:89,47
DA:90,47
DA:91,47
DA:92,45
DA:94,2
DA:97,86
DA:101,136
DA:102,1
DA:103,1
DA:104,0
DA:106,1
DA:108,135
DA:109,61
DA:110,61
DA:111,61
DA:113,61
DA:115,11
DA:116,23
DA:117,23
DA:118,11
DA:119,2
DA:121,50
DA:123,50
DA:124,19
DA:125,31
DA:126,29
DA:128,2
DA:131,0
DA:135,61
DA:137,74
DA:145,136
DA:146,0
DA:147,136
DA:148,29
DA:149,5
DA:150,5
DA:151,4
DA:157,136
DA:158,0
DA:159,136
DA:160,29
DA:161,5
DA:162,5
DA:163,3
DA:173,136
DA:174,0
DA:175,136
DA:176,1
DA:177,1
DA:178,1
DA:183,136
DA:184,0
DA:185,136
DA:186,0
DA:187,0
DA:188,0
DA:193,136
DA:194,1
DA:195,135
DA:196,2
DA:197,2
DA:198,1
DA:203,136
DA:204,0
DA:205,136
DA:206,1
DA:215,136
LF:103
LH:93
BRDA:24,0,0,0
BRDA:25,1,0,100
BRDA:26,2,0,114
BRDA:27,3,0,122
BRDA:28,4,0,123
BRDA:33,5,0,136
BRDA:33,5,1,1
BRDA:34,6,0,136
BRDA:34,6,1,100
BRDA:35,7,0,136
BRDA:35,7,1,114
BRDA:36,8,0,136
BRDA:36,8,1,122
BRDA:37,9,0,136
BRDA:37,9,1,123
BRDA:44,10,0,1
BRDA:44,10,1,135
BRDA:46,11,0,2
BRDA:46,11,1,133
BRDA:46,12,0,135
BRDA:46,12,1,2
BRDA:46,12,2,2
BRDA:49,13,0,3
BRDA:49,13,1,130
BRDA:52,14,0,54
BRDA:52,14,1,76
BRDA:55,15,0,51
BRDA:55,15,1,3
BRDA:65,16,0,1
BRDA:65,16,1,135
BRDA:67,17,0,1
BRDA:67,17,1,134
BRDA:70,18,0,52
BRDA:70,18,1,82
BRDA:73,19,0,50
BRDA:73,19,1,2
BRDA:83,20,0,1
BRDA:83,20,1,135
BRDA:85,21,0,2
BRDA:85,21,1,133
BRDA:88,22,0,47
BRDA:88,22,1,86
BRDA:91,23,0,45
BRDA:91,23,1,2
BRDA:101,24,0,1
BRDA:101,24,1,135
BRDA:103,25,0,0
BRDA:103,25,1,1
BRDA:108,26,0,61
BRDA:108,26,1,74
BRDA:113,27,0,11
BRDA:113,27,1,50
BRDA:118,28,0,2
BRDA:121,29,0,50
BRDA:121,29,1,0
BRDA:123,30,0,19
BRDA:123,30,1,31
BRDA:123,31,0,50
BRDA:123,31,1,50
BRDA:125,32,0,29
BRDA:125,32,1,2
BRDA:145,33,0,0
BRDA:145,33,1,136
BRDA:147,34,0,29
BRDA:148,35,0,5
BRDA:150,36,0,4
BRDA:157,37,0,0
BRDA:157,37,1,136
BRDA:159,38,0,29
BRDA:160,39,0,5
BRDA:162,40,0,3
BRDA:173,41,0,0
BRDA:173,41,1,136
BRDA:175,42,0,1
BRDA:177,43,0,1
BRDA:183,44,0,0
BRDA:183,44,1,136
BRDA:185,45,0,0
BRDA:187,46,0,0
BRDA:193,47,0,1
BRDA:193,47,1,135
BRDA:195,48,0,2
BRDA:197,49,0,1
BRDA:203,50,0,0
BRDA:203,50,1,136
BRDA:205,51,0,1
BRF:86
BRH:76
end_of_record
TN:
SF:src\functions\expert-flags.ts
FN:25,parseAndValidateFlags
FN:56,applyFlagOverrides
FNF:2
FNH:1
FNDA:0,parseAndValidateFlags
FNDA:109,applyFlagOverrides
DA:8,2
DA:20,2
DA:25,2
DA:26,0
DA:27,0
DA:29,0
DA:30,0
DA:31,0
DA:32,0
DA:33,0
DA:35,0
DA:37,0
DA:38,0
DA:39,0
DA:40,0
DA:42,0
DA:45,0
DA:49,0
DA:56,2
DA:57,109
DA:59,108
DA:61,108
DA:63,133
DA:64,133
DA:66,133
DA:67,8
DA:71,125
DA:72,91
DA:75,91
DA:76,13
DA:78,3
DA:79,6
DA:80,1
DA:83,2
DA:86,10
DA:87,1
DA:89,9
DA:93,78
DA:94,78
DA:95,17
DA:97,61
DA:102,106
DA:104,34
DA:105,5
DA:108,29
DA:109,29
DA:110,9
DA:113,20
DA:117,67
LF:49
LH:34
BRDA:30,0,0,0
BRDA:30,0,1,0
BRDA:32,1,0,0
BRDA:32,1,1,0
BRDA:37,2,0,0
BRDA:37,2,1,0
BRDA:39,3,0,0
BRDA:39,3,1,0
BRDA:39,4,0,0
BRDA:39,4,1,0
BRDA:39,4,2,0
BRDA:56,5,0,0
BRDA:57,6,0,1
BRDA:66,7,0,8
BRDA:66,8,0,133
BRDA:66,8,1,42
BRDA:71,9,0,91
BRDA:75,10,0,13
BRDA:75,10,1,78
BRDA:76,11,0,3
BRDA:76,11,1,10
BRDA:79,12,0,1
BRDA:86,13,0,1
BRDA:94,14,0,17
BRDA:102,15,0,34
BRDA:104,16,0,5
BRDA:104,17,0,34
BRDA:104,17,1,32
BRDA:104,17,2,31
BRDA:104,17,3,30
BRDA:109,18,0,9
BRDA:109,19,0,29
BRDA:109,19,1,29
BRDA:109,19,2,26
BRF:34
BRH:22
end_of_record
TN:
SF:src\functions\index.ts
FNF:0
FNH:0
DA:6,1
DA:7,1
DA:8,1
DA:9,1
DA:10,1
DA:11,1
LF:6
LH:6
BRF:0
BRH:0
end_of_record
TN:
SF:src\functions\phasing-logic.ts
FN:11,getThreatScore
FN:37,getSizeScore
FN:61,getResourceScore
FN:87,shouldSuggestPhasing
FNF:4
FNH:4
FNDA:50,getThreatScore
FNDA:53,getSizeScore
FNDA:49,getResourceScore
FNDA:43,shouldSuggestPhasing
DA:11,2
DA:14,50
DA:16,6
DA:19,44
DA:22,49
DA:29,49
DA:37,2
DA:40,53
DA:42,10
DA:45,43
DA:48,53
DA:51,51
DA:52,43
DA:53,31
DA:54,17
DA:61,2
DA:64,49
DA:66,5
DA:69,44
DA:72,48
DA:80,48
DA:87,2
DA:89,43
DA:91,43
DA:92,43
DA:93,43
DA:95,43
DA:96,43
LF:28
LH:28
BRDA:14,0,0,6
BRDA:14,0,1,44
BRDA:19,1,0,44
BRDA:19,1,1,1
BRDA:29,2,0,49
BRDA:29,2,1,8
BRDA:40,3,0,10
BRDA:40,3,1,43
BRDA:48,4,0,2
BRDA:51,5,0,8
BRDA:52,6,0,12
BRDA:53,7,0,14
BRDA:64,8,0,5
BRDA:64,8,1,44
BRDA:69,9,0,44
BRDA:69,9,1,32
BRDA:80,10,0,48
BRDA:80,10,1,4
BRDA:89,11,0,43
BRDA:89,11,1,0
BRF:20
BRH:19
end_of_record
TN:
SF:src\functions\precedence-scoring.ts
FN:10,applyPrecedenceMatrix
FN:39,scoreRules
FN:40,(anonymous_2)
FNF:3
FNH:1
FNDA:54,applyPrecedenceMatrix
FNDA:0,scoreRules
FNDA:0,(anonymous_2)
DA:10,2
DA:12,54
DA:15,54
DA:16,54
DA:17,54
DA:20,54
DA:23,54
DA:24,6
DA:28,54
DA:29,1
DA:33,54
DA:39,2
DA:40,0
LF:13
LH:12
BRDA:12,0,0,54
BRDA:12,0,1,3
BRDA:15,1,0,54
BRDA:15,1,1,8
BRDA:16,2,0,54
BRDA:16,2,1,8
BRDA:17,3,0,54
BRDA:17,3,1,8
BRDA:23,4,0,6
BRDA:23,5,0,54
BRDA:23,5,1,13
BRDA:23,5,2,13
BRDA:23,5,3,11
BRDA:28,6,0,1
BRDA:28,7,0,54
BRDA:28,7,1,4
BRDA:28,7,2,3
BRF:17
BRH:17
end_of_record
TN:
SF:src\functions\rule-filtering.ts
FN:11,filterRulesByContext
FN:12,(anonymous_1)
FN:20,(anonymous_2)
FN:25,(anonymous_3)
FNF:4
FNH:4
FNDA:66,filterRulesByContext
FNDA:102,(anonymous_1)
FNDA:109,(anonymous_2)
FNDA:6,(anonymous_3)
DA:11,2
DA:12,66
DA:14,102
DA:16,101
DA:17,101
DA:20,101
DA:21,109
DA:22,109
DA:24,13
DA:25,6
DA:27,9
DA:30,96
DA:31,19
DA:33,77
LF:14
LH:14
BRDA:14,0,0,1
BRDA:14,1,0,102
BRDA:14,1,1,102
BRDA:17,2,0,0
BRDA:22,3,0,13
BRDA:24,4,0,4
BRDA:30,5,0,19
BRF:7
BRH:6
end_of_record
